<!DOCTYPE html PUBLIC "-//W3C//DTD XHTML 1.1//EN" "http://www.w3.org/TR/xhtml11/DTD/xhtml11.dtd">
<html xmlns="http://www.w3.org/1999/xhtml"><head><title>TestNG Report</title><style type="text/css">table {margin-bottom:10px;border-collapse:collapse;empty-cells:show}th,td {border:1px solid #009;padding:.25em .5em}th {vertical-align:bottom}td {vertical-align:top}table a {font-weight:bold}.stripe td {background-color: #E6EBF9}.num {text-align:right}.passedodd td {background-color: #3F3}.passedeven td {background-color: #0A0}.skippedodd td {background-color: #DDD}.skippedeven td {background-color: #CCC}.failedodd td,.attn {background-color: #F33}.failedeven td,.stripe .attn {background-color: #D00}.stacktrace {white-space:pre;font-family:monospace}.totop {font-size:85%;text-align:center;border-bottom:2px solid #000}</style></head><body><table><tr><th>Test</th><th># Passed</th><th># Skipped</th><th># Failed</th><th>Time (ms)</th><th>Included Groups</th><th>Excluded Groups</th></tr><tr><th colspan="7">Data Driven Basics</th></tr><tr><td><a href="#t0">Bank Manager Login Test</a></td><td class="num">1</td><td class="num">0</td><td class="num">0</td><td class="num">4,562</td><td></td><td></td></tr><tr class="stripe"><td><a href="#t1">Add Customer Test</a></td><td class="num">2</td><td class="num attn">1</td><td class="num">0</td><td class="num">9,218</td><td></td><td></td></tr><tr><td><a href="#t2">Open Account Test</a></td><td class="num">0</td><td class="num">0</td><td class="num attn">1</td><td class="num">11,240</td><td></td><td></td></tr><tr><th>Total</th><th class="num">3</th><th class="num attn">1</th><th class="num attn">1</th><th class="num">25,020</th><th colspan="2"></th></tr></table><table id='summary'><thead><tr><th>Class</th><th>Method</th><th>Start</th><th>Time (ms)</th></tr></thead><tbody><tr><th colspan="4">Data Driven Basics</th></tr></tbody><tbody id="t0"><tr><th colspan="4">Bank Manager Login Test &#8212; passed</th></tr><tr class="passedeven"><td rowspan="1">com.w2a.testcases.BankManagerLoginTest</td><td><a href="#m0">bankManagerLoginTest</a></td><td rowspan="1">1584986158081</td><td rowspan="1">4157</td></tr></tbody><tbody id="t1"><tr><th colspan="4">Add Customer Test &#8212; skipped</th></tr><tr class="skippedeven"><td rowspan="1">com.w2a.testcases.AddCustomerTest</td><td><a href="#m1">addCustomerTest</a></td><td rowspan="1">1584986171899</td><td rowspan="1">0</td></tr><tr><th colspan="4">Add Customer Test &#8212; passed</th></tr><tr class="passedeven"><td rowspan="2">com.w2a.testcases.AddCustomerTest</td><td><a href="#m2">addCustomerTest</a></td><td rowspan="2">1584986167576</td><td rowspan="2">4280</td></tr><tr class="passedeven"><td><a href="#m3">addCustomerTest</a></td></tr></tbody><tbody id="t2"><tr><th colspan="4">Open Account Test &#8212; failed</th></tr><tr class="failedeven"><td rowspan="1">com.w2a.testcases.OpenAccountTest</td><td><a href="#m4">openAccountTest</a></td><td rowspan="1">1584986171943</td><td rowspan="1">10918</td></tr></tbody></table><h2>Bank Manager Login Test</h2><h3 id="m0">com.w2a.testcases.BankManagerLoginTest#bankManagerLoginTest</h3><table class="result"><tr><th>Messages</th></tr><tr><td><div class="messages"><br>Verification failure : expected [abc] but found [xyz]<br><br/><a target="_blank" href=Mon_Mar_23_13_55_58_EDT_2020.jpg><img src=Mon_Mar_23_13_55_58_EDT_2020.jpg height=200 width=200></img></a><br/><br><br/><br></div></td></tr></table><p class="totop"><a href="#summary">back to summary</a></p><h2>Add Customer Test</h2><h3 id="m1">com.w2a.testcases.AddCustomerTest#addCustomerTest</h3><table class="result"><tr class="param"><th>Parameter #1</th></tr><tr class="param stripe"><td>{postalcode=H3H2C3, alerttext=Customer added successfully, lastname=Bambri, runmode=N, firstname=Sukhman}</td></tr><tr><th>Exception</th></tr><tr><td><div class="stacktrace">org.testng.SkipException: Skipping the test case as the Run mode for data set is NO
	at com.w2a.testcases.AddCustomerTest.addCustomerTest(AddCustomerTest.java:22)
... Removed 28 stack frames</div></td></tr></table><p class="totop"><a href="#summary">back to summary</a></p><h3 id="m2">com.w2a.testcases.AddCustomerTest#addCustomerTest</h3><table class="result"><tr class="param"><th>Parameter #1</th></tr><tr class="param stripe"><td>{postalcode=H3H2C3, alerttext=Customer added successfully, lastname=Lakha, runmode=Y, firstname=Divya}</td></tr></table><p class="totop"><a href="#summary">back to summary</a></p><h3 id="m3">com.w2a.testcases.AddCustomerTest#addCustomerTest</h3><table class="result"><tr class="param"><th>Parameter #1</th></tr><tr class="param stripe"><td>{postalcode=H3H2C3, alerttext=Customer added successfully, lastname=Lakha, runmode=Y, firstname=Priya}</td></tr></table><p class="totop"><a href="#summary">back to summary</a></p><h2>Open Account Test</h2><h3 id="m4">com.w2a.testcases.OpenAccountTest#openAccountTest</h3><table class="result"><tr class="param"><th>Parameter #1</th></tr><tr class="param stripe"><td>{currency=Rupee , customer=Harry Potter}</td></tr><tr><th>Messages</th></tr><tr><td><div class="messages">Click to see Screenshot<br/><a target="_blank" href=Mon_Mar_23_13_56_23_EDT_2020.jpg>Screenshot</a><br/><br><br/><br><br/><a target="_blank" href=Mon_Mar_23_13_56_23_EDT_2020.jpg><img src=Mon_Mar_23_13_56_23_EDT_2020.jpg height=200 width=200></img></a></div></td></tr><tr><th>Exception</th></tr><tr><td><div class="stacktrace">org.openqa.selenium.NoSuchElementException: Cannot locate element with text: Rupee 
For documentation on this error, please visit: https://www.seleniumhq.org/exceptions/no_such_element.html
Build info: version: &apos;3.141.59&apos;, revision: &apos;e82be7d358&apos;, time: &apos;2018-11-14T08:17:03&apos;
System info: host: &apos;LAPTOP-3A8G0H8E&apos;, ip: &apos;192.168.2.14&apos;, os.name: &apos;Windows 10&apos;, os.arch: &apos;amd64&apos;, os.version: &apos;10.0&apos;, java.version: &apos;1.8.0_191&apos;
Driver info: driver.version: unknown
	at org.openqa.selenium.support.ui.Select.selectByVisibleText(Select.java:147)
	at com.w2a.base.TestBase.select(TestBase.java:171)
	at com.w2a.testcases.OpenAccountTest.openAccountTest(OpenAccountTest.java:28)
... Removed 28 stack frames</div></td></tr></table><p class="totop"><a href="#summary">back to summary</a></p></body></html>